<?xml version="1.0" encoding="UTF-8"?>
<!-- Generated by org.testng.reporters.JUnitReportReporter -->
<testsuite hostname="DELL" failures="0" tests="3" name="cucumberOptions.testNGRunner" time="0.064" errors="0" timestamp="2023-08-30T09:16:04 EEST" skipped="0">
  <testcase classname="cucumberOptions.testNGRunner" name="runScenario" time="0.006"/>
  <testcase classname="cucumberOptions.testNGRunner" name="runScenario" time="0.055"/>
  <testcase classname="cucumberOptions.testNGRunner" name="runScenario" time="0.003"/>
</testsuite> <!-- cucumberOptions.testNGRunner -->
